{"C:\\Dev\\React\\Challenges\\gestionPro\\cliente\\src\\api\\productsApi.js": {"path":"C:\\Dev\\React\\Challenges\\gestionPro\\cliente\\src\\api\\productsApi.js","statementMap":{"0":{"start":{"line":5,"column":15},"end":{"line":5,"column":56}},"1":{"start":{"line":7,"column":20},"end":{"line":9,"column":2}},"2":{"start":{"line":12,"column":0},"end":{"line":26,"column":2}},"3":{"start":{"line":15,"column":8},"end":{"line":15,"column":60}},"4":{"start":{"line":20,"column":8},"end":{"line":20,"column":22}},"5":{"start":{"line":24,"column":8},"end":{"line":24,"column":37}},"6":{"start":{"line":29,"column":0},"end":{"line":50,"column":2}},"7":{"start":{"line":33,"column":8},"end":{"line":33,"column":24}},"8":{"start":{"line":37,"column":8},"end":{"line":46,"column":9}},"9":{"start":{"line":39,"column":12},"end":{"line":39,"column":61}},"10":{"start":{"line":40,"column":15},"end":{"line":46,"column":9}},"11":{"start":{"line":42,"column":12},"end":{"line":42,"column":59}},"12":{"start":{"line":45,"column":12},"end":{"line":45,"column":50}},"13":{"start":{"line":48,"column":8},"end":{"line":48,"column":37}}},"fnMap":{"0":{"name":"(anonymous_0)","decl":{"start":{"line":13,"column":4},"end":{"line":13,"column":5}},"loc":{"start":{"line":13,"column":16},"end":{"line":21,"column":5}},"line":13},"1":{"name":"(anonymous_1)","decl":{"start":{"line":22,"column":4},"end":{"line":22,"column":5}},"loc":{"start":{"line":22,"column":15},"end":{"line":25,"column":5}},"line":22},"2":{"name":"(anonymous_2)","decl":{"start":{"line":30,"column":4},"end":{"line":30,"column":5}},"loc":{"start":{"line":30,"column":18},"end":{"line":34,"column":5}},"line":30},"3":{"name":"(anonymous_3)","decl":{"start":{"line":35,"column":4},"end":{"line":35,"column":5}},"loc":{"start":{"line":35,"column":15},"end":{"line":49,"column":5}},"line":35}},"branchMap":{"0":{"loc":{"start":{"line":37,"column":8},"end":{"line":46,"column":9}},"type":"if","locations":[{"start":{"line":37,"column":8},"end":{"line":46,"column":9}},{"start":{"line":40,"column":15},"end":{"line":46,"column":9}}],"line":37},"1":{"loc":{"start":{"line":40,"column":15},"end":{"line":46,"column":9}},"type":"if","locations":[{"start":{"line":40,"column":15},"end":{"line":46,"column":9}},{"start":{"line":43,"column":15},"end":{"line":46,"column":9}}],"line":40}},"s":{"0":1,"1":1,"2":1,"3":0,"4":0,"5":0,"6":1,"7":0,"8":0,"9":0,"10":0,"11":0,"12":0,"13":0},"f":{"0":0,"1":0,"2":0,"3":0},"b":{"0":[0,0],"1":[0,0]},"_coverageSchema":"1a1c01bbd47fc00a2c39e90264f33305004495a9","hash":"e51883d74802fc8933f596934d6b3e3c7d956b82"}
,"C:\\Dev\\React\\Challenges\\gestionPro\\cliente\\src\\components\\DarkModeToggle\\index.jsx": {"path":"C:\\Dev\\React\\Challenges\\gestionPro\\cliente\\src\\components\\DarkModeToggle\\index.jsx","statementMap":{"0":{"start":{"line":4,"column":30},"end":{"line":25,"column":1}},"1":{"start":{"line":5,"column":40},"end":{"line":5,"column":55}},"2":{"start":{"line":7,"column":4},"end":{"line":11,"column":11}},"3":{"start":{"line":8,"column":26},"end":{"line":8,"column":66}},"4":{"start":{"line":9,"column":8},"end":{"line":9,"column":44}},"5":{"start":{"line":10,"column":8},"end":{"line":10,"column":74}},"6":{"start":{"line":13,"column":24},"end":{"line":18,"column":5}},"7":{"start":{"line":14,"column":25},"end":{"line":14,"column":54}},"8":{"start":{"line":15,"column":8},"end":{"line":15,"column":35}},"9":{"start":{"line":16,"column":8},"end":{"line":16,"column":73}},"10":{"start":{"line":17,"column":8},"end":{"line":17,"column":48}},"11":{"start":{"line":20,"column":4},"end":{"line":24,"column":6}}},"fnMap":{"0":{"name":"(anonymous_0)","decl":{"start":{"line":4,"column":30},"end":{"line":4,"column":31}},"loc":{"start":{"line":4,"column":36},"end":{"line":25,"column":1}},"line":4},"1":{"name":"(anonymous_1)","decl":{"start":{"line":7,"column":14},"end":{"line":7,"column":15}},"loc":{"start":{"line":7,"column":20},"end":{"line":11,"column":5}},"line":7},"2":{"name":"(anonymous_2)","decl":{"start":{"line":13,"column":24},"end":{"line":13,"column":25}},"loc":{"start":{"line":13,"column":30},"end":{"line":18,"column":5}},"line":13}},"branchMap":{"0":{"loc":{"start":{"line":8,"column":26},"end":{"line":8,"column":66}},"type":"binary-expr","locations":[{"start":{"line":8,"column":26},"end":{"line":8,"column":55}},{"start":{"line":8,"column":59},"end":{"line":8,"column":66}}],"line":8},"1":{"loc":{"start":{"line":14,"column":25},"end":{"line":14,"column":54}},"type":"cond-expr","locations":[{"start":{"line":14,"column":38},"end":{"line":14,"column":45}},{"start":{"line":14,"column":48},"end":{"line":14,"column":54}}],"line":14},"2":{"loc":{"start":{"line":22,"column":13},"end":{"line":22,"column":39}},"type":"cond-expr","locations":[{"start":{"line":22,"column":26},"end":{"line":22,"column":31}},{"start":{"line":22,"column":34},"end":{"line":22,"column":39}}],"line":22}},"s":{"0":1,"1":4,"2":4,"3":2,"4":2,"5":2,"6":4,"7":0,"8":0,"9":0,"10":0,"11":4},"f":{"0":4,"1":2,"2":0},"b":{"0":[2,2],"1":[0,0],"2":[0,4]},"_coverageSchema":"1a1c01bbd47fc00a2c39e90264f33305004495a9","hash":"481746d0c45c70ea06a5db7acc8a9f6877788fe0"}
,"C:\\Dev\\React\\Challenges\\gestionPro\\cliente\\src\\components\\Product\\index.jsx": {"path":"C:\\Dev\\React\\Challenges\\gestionPro\\cliente\\src\\components\\Product\\index.jsx","statementMap":{"0":{"start":{"line":6,"column":23},"end":{"line":47,"column":1}},"1":{"start":{"line":7,"column":61},"end":{"line":7,"column":68}},"2":{"start":{"line":8,"column":30},"end":{"line":8,"column":47}},"3":{"start":{"line":10,"column":24},"end":{"line":16,"column":5}},"4":{"start":{"line":11,"column":8},"end":{"line":15,"column":25}},"5":{"start":{"line":18,"column":32},"end":{"line":21,"column":5}},"6":{"start":{"line":19,"column":8},"end":{"line":19,"column":45}},"7":{"start":{"line":20,"column":8},"end":{"line":20,"column":33}},"8":{"start":{"line":23,"column":4},"end":{"line":46,"column":6}},"9":{"start":{"line":33,"column":39},"end":{"line":33,"column":67}}},"fnMap":{"0":{"name":"(anonymous_0)","decl":{"start":{"line":6,"column":23},"end":{"line":6,"column":24}},"loc":{"start":{"line":6,"column":57},"end":{"line":47,"column":1}},"line":6},"1":{"name":"(anonymous_1)","decl":{"start":{"line":10,"column":24},"end":{"line":10,"column":25}},"loc":{"start":{"line":10,"column":35},"end":{"line":16,"column":5}},"line":10},"2":{"name":"(anonymous_2)","decl":{"start":{"line":18,"column":32},"end":{"line":18,"column":33}},"loc":{"start":{"line":18,"column":38},"end":{"line":21,"column":5}},"line":18},"3":{"name":"(anonymous_3)","decl":{"start":{"line":33,"column":33},"end":{"line":33,"column":34}},"loc":{"start":{"line":33,"column":39},"end":{"line":33,"column":67}},"line":33}},"branchMap":{"0":{"loc":{"start":{"line":29,"column":13},"end":{"line":44,"column":13}},"type":"binary-expr","locations":[{"start":{"line":29,"column":13},"end":{"line":29,"column":20}},{"start":{"line":30,"column":16},"end":{"line":43,"column":21}}],"line":29}},"s":{"0":1,"1":6,"2":6,"3":6,"4":6,"5":6,"6":0,"7":0,"8":6,"9":0},"f":{"0":6,"1":6,"2":0,"3":0},"b":{"0":[6,6]},"_coverageSchema":"1a1c01bbd47fc00a2c39e90264f33305004495a9","hash":"5830da5660e31776797db0622153048cc5c8e05d"}
,"C:\\Dev\\React\\Challenges\\gestionPro\\cliente\\src\\components\\ProductModal\\ProductForm.jsx": {"path":"C:\\Dev\\React\\Challenges\\gestionPro\\cliente\\src\\components\\ProductModal\\ProductForm.jsx","statementMap":{"0":{"start":{"line":3,"column":27},"end":{"line":53,"column":1}},"1":{"start":{"line":4,"column":4},"end":{"line":52,"column":11}}},"fnMap":{"0":{"name":"(anonymous_0)","decl":{"start":{"line":3,"column":27},"end":{"line":3,"column":28}},"loc":{"start":{"line":4,"column":4},"end":{"line":52,"column":11}},"line":4}},"branchMap":{},"s":{"0":1,"1":0},"f":{"0":0},"b":{},"_coverageSchema":"1a1c01bbd47fc00a2c39e90264f33305004495a9","hash":"f272479de731ffbcfc1a2f4a2c53a53a3fc47607"}
,"C:\\Dev\\React\\Challenges\\gestionPro\\cliente\\src\\components\\ProductModal\\index.jsx": {"path":"C:\\Dev\\React\\Challenges\\gestionPro\\cliente\\src\\components\\ProductModal\\index.jsx","statementMap":{"0":{"start":{"line":7,"column":28},"end":{"line":45,"column":1}},"1":{"start":{"line":8,"column":53},"end":{"line":8,"column":76}},"2":{"start":{"line":9,"column":42},"end":{"line":9,"column":59}},"3":{"start":{"line":11,"column":25},"end":{"line":28,"column":5}},"4":{"start":{"line":12,"column":8},"end":{"line":12,"column":27}},"5":{"start":{"line":14,"column":8},"end":{"line":14,"column":36}},"6":{"start":{"line":14,"column":29},"end":{"line":14,"column":36}},"7":{"start":{"line":16,"column":8},"end":{"line":27,"column":9}},"8":{"start":{"line":17,"column":12},"end":{"line":21,"column":13}},"9":{"start":{"line":18,"column":16},"end":{"line":18,"column":61}},"10":{"start":{"line":20,"column":16},"end":{"line":20,"column":37}},"11":{"start":{"line":23,"column":12},"end":{"line":23,"column":22}},"12":{"start":{"line":25,"column":12},"end":{"line":25,"column":77}},"13":{"start":{"line":26,"column":12},"end":{"line":26,"column":86}},"14":{"start":{"line":30,"column":4},"end":{"line":44,"column":6}}},"fnMap":{"0":{"name":"(anonymous_0)","decl":{"start":{"line":7,"column":28},"end":{"line":7,"column":29}},"loc":{"start":{"line":7,"column":54},"end":{"line":45,"column":1}},"line":7},"1":{"name":"(anonymous_1)","decl":{"start":{"line":11,"column":25},"end":{"line":11,"column":26}},"loc":{"start":{"line":11,"column":38},"end":{"line":28,"column":5}},"line":11}},"branchMap":{"0":{"loc":{"start":{"line":14,"column":8},"end":{"line":14,"column":36}},"type":"if","locations":[{"start":{"line":14,"column":8},"end":{"line":14,"column":36}},{"start":{},"end":{}}],"line":14},"1":{"loc":{"start":{"line":17,"column":12},"end":{"line":21,"column":13}},"type":"if","locations":[{"start":{"line":17,"column":12},"end":{"line":21,"column":13}},{"start":{"line":19,"column":19},"end":{"line":21,"column":13}}],"line":17},"2":{"loc":{"start":{"line":34,"column":25},"end":{"line":34,"column":71}},"type":"cond-expr","locations":[{"start":{"line":34,"column":35},"end":{"line":34,"column":52}},{"start":{"line":34,"column":55},"end":{"line":34,"column":71}}],"line":34}},"s":{"0":1,"1":0,"2":0,"3":0,"4":0,"5":0,"6":0,"7":0,"8":0,"9":0,"10":0,"11":0,"12":0,"13":0,"14":0},"f":{"0":0,"1":0},"b":{"0":[0,0],"1":[0,0],"2":[0,0]},"_coverageSchema":"1a1c01bbd47fc00a2c39e90264f33305004495a9","hash":"108a5793dafca61a1b38cfd15060deeeec007d23"}
,"C:\\Dev\\React\\Challenges\\gestionPro\\cliente\\src\\components\\ProductsTable\\ActionButtons.jsx": {"path":"C:\\Dev\\React\\Challenges\\gestionPro\\cliente\\src\\components\\ProductsTable\\ActionButtons.jsx","statementMap":{"0":{"start":{"line":4,"column":29},"end":{"line":32,"column":1}},"1":{"start":{"line":5,"column":4},"end":{"line":13,"column":23}},"2":{"start":{"line":6,"column":25},"end":{"line":10,"column":16}},"3":{"start":{"line":7,"column":12},"end":{"line":9,"column":13}},"4":{"start":{"line":8,"column":16},"end":{"line":8,"column":48}},"5":{"start":{"line":12,"column":8},"end":{"line":12,"column":45}},"6":{"start":{"line":12,"column":21},"end":{"line":12,"column":44}},"7":{"start":{"line":15,"column":4},"end":{"line":31,"column":6}},"8":{"start":{"line":17,"column":35},"end":{"line":17,"column":63}},"9":{"start":{"line":27,"column":35},"end":{"line":27,"column":52}}},"fnMap":{"0":{"name":"(anonymous_0)","decl":{"start":{"line":4,"column":29},"end":{"line":4,"column":30}},"loc":{"start":{"line":4,"column":125},"end":{"line":32,"column":1}},"line":4},"1":{"name":"(anonymous_1)","decl":{"start":{"line":5,"column":14},"end":{"line":5,"column":15}},"loc":{"start":{"line":5,"column":20},"end":{"line":13,"column":5}},"line":5},"2":{"name":"(anonymous_2)","decl":{"start":{"line":6,"column":37},"end":{"line":6,"column":38}},"loc":{"start":{"line":6,"column":43},"end":{"line":10,"column":9}},"line":6},"3":{"name":"(anonymous_3)","decl":{"start":{"line":12,"column":15},"end":{"line":12,"column":16}},"loc":{"start":{"line":12,"column":21},"end":{"line":12,"column":44}},"line":12},"4":{"name":"(anonymous_4)","decl":{"start":{"line":17,"column":29},"end":{"line":17,"column":30}},"loc":{"start":{"line":17,"column":35},"end":{"line":17,"column":63}},"line":17},"5":{"name":"(anonymous_5)","decl":{"start":{"line":27,"column":29},"end":{"line":27,"column":30}},"loc":{"start":{"line":27,"column":35},"end":{"line":27,"column":52}},"line":27}},"branchMap":{"0":{"loc":{"start":{"line":7,"column":12},"end":{"line":9,"column":13}},"type":"if","locations":[{"start":{"line":7,"column":12},"end":{"line":9,"column":13}},{"start":{},"end":{}}],"line":7}},"s":{"0":1,"1":3,"2":2,"3":0,"4":0,"5":2,"6":2,"7":3,"8":0,"9":0},"f":{"0":3,"1":2,"2":0,"3":2,"4":0,"5":0},"b":{"0":[0,0]},"_coverageSchema":"1a1c01bbd47fc00a2c39e90264f33305004495a9","hash":"57ea751a6c81d20a8f11d40a83549427ca01fc8d"}
,"C:\\Dev\\React\\Challenges\\gestionPro\\cliente\\src\\components\\ProductsTable\\Pagination.jsx": {"path":"C:\\Dev\\React\\Challenges\\gestionPro\\cliente\\src\\components\\ProductsTable\\Pagination.jsx","statementMap":{"0":{"start":{"line":3,"column":26},"end":{"line":17,"column":1}},"1":{"start":{"line":4,"column":4},"end":{"line":16,"column":5}},"2":{"start":{"line":7,"column":16},"end":{"line":13,"column":25}},"3":{"start":{"line":10,"column":35},"end":{"line":10,"column":58}}},"fnMap":{"0":{"name":"(anonymous_0)","decl":{"start":{"line":3,"column":26},"end":{"line":3,"column":27}},"loc":{"start":{"line":3,"column":73},"end":{"line":17,"column":1}},"line":3},"1":{"name":"(anonymous_1)","decl":{"start":{"line":6,"column":48},"end":{"line":6,"column":49}},"loc":{"start":{"line":7,"column":16},"end":{"line":13,"column":25}},"line":7},"2":{"name":"(anonymous_2)","decl":{"start":{"line":10,"column":29},"end":{"line":10,"column":30}},"loc":{"start":{"line":10,"column":35},"end":{"line":10,"column":58}},"line":10}},"branchMap":{"0":{"loc":{"start":{"line":9,"column":52},"end":{"line":9,"column":93}},"type":"cond-expr","locations":[{"start":{"line":9,"column":80},"end":{"line":9,"column":88}},{"start":{"line":9,"column":91},"end":{"line":9,"column":93}}],"line":9}},"s":{"0":1,"1":3,"2":3,"3":0},"f":{"0":3,"1":3,"2":0},"b":{"0":[3,0]},"_coverageSchema":"1a1c01bbd47fc00a2c39e90264f33305004495a9","hash":"6e0a677697e6e1344e16add2b315188fd5c2b688"}
,"C:\\Dev\\React\\Challenges\\gestionPro\\cliente\\src\\components\\ProductsTable\\index.jsx": {"path":"C:\\Dev\\React\\Challenges\\gestionPro\\cliente\\src\\components\\ProductsTable\\index.jsx","statementMap":{"0":{"start":{"line":12,"column":29},"end":{"line":119,"column":1}},"1":{"start":{"line":13,"column":42},"end":{"line":13,"column":57}},"2":{"start":{"line":14,"column":46},"end":{"line":14,"column":60}},"3":{"start":{"line":15,"column":42},"end":{"line":15,"column":53}},"4":{"start":{"line":16,"column":40},"end":{"line":16,"column":52}},"5":{"start":{"line":23,"column":8},"end":{"line":23,"column":21}},"6":{"start":{"line":25,"column":25},"end":{"line":25,"column":37}},"7":{"start":{"line":26,"column":25},"end":{"line":26,"column":26}},"8":{"start":{"line":27,"column":23},"end":{"line":27,"column":64}},"9":{"start":{"line":30,"column":30},"end":{"line":33,"column":5}},"10":{"start":{"line":35,"column":28},"end":{"line":38,"column":5}},"11":{"start":{"line":36,"column":8},"end":{"line":36,"column":34}},"12":{"start":{"line":37,"column":8},"end":{"line":37,"column":29}},"13":{"start":{"line":40,"column":29},"end":{"line":43,"column":5}},"14":{"start":{"line":41,"column":8},"end":{"line":41,"column":30}},"15":{"start":{"line":42,"column":8},"end":{"line":42,"column":31}},"16":{"start":{"line":45,"column":29},"end":{"line":47,"column":5}},"17":{"start":{"line":46,"column":8},"end":{"line":46,"column":29}},"18":{"start":{"line":49,"column":31},"end":{"line":52,"column":5}},"19":{"start":{"line":50,"column":8},"end":{"line":50,"column":38}},"20":{"start":{"line":51,"column":8},"end":{"line":51,"column":39}},"21":{"start":{"line":54,"column":4},"end":{"line":58,"column":58}},"22":{"start":{"line":55,"column":8},"end":{"line":57,"column":9}},"23":{"start":{"line":56,"column":12},"end":{"line":56,"column":44}},"24":{"start":{"line":60,"column":4},"end":{"line":118,"column":6}},"25":{"start":{"line":104,"column":28},"end":{"line":108,"column":30}}},"fnMap":{"0":{"name":"(anonymous_0)","decl":{"start":{"line":12,"column":29},"end":{"line":12,"column":30}},"loc":{"start":{"line":12,"column":35},"end":{"line":119,"column":1}},"line":12},"1":{"name":"(anonymous_1)","decl":{"start":{"line":35,"column":28},"end":{"line":35,"column":29}},"loc":{"start":{"line":35,"column":48},"end":{"line":38,"column":5}},"line":35},"2":{"name":"(anonymous_2)","decl":{"start":{"line":40,"column":29},"end":{"line":40,"column":30}},"loc":{"start":{"line":40,"column":35},"end":{"line":43,"column":5}},"line":40},"3":{"name":"(anonymous_3)","decl":{"start":{"line":45,"column":29},"end":{"line":45,"column":30}},"loc":{"start":{"line":45,"column":39},"end":{"line":47,"column":5}},"line":45},"4":{"name":"(anonymous_4)","decl":{"start":{"line":49,"column":31},"end":{"line":49,"column":32}},"loc":{"start":{"line":49,"column":38},"end":{"line":52,"column":5}},"line":49},"5":{"name":"(anonymous_5)","decl":{"start":{"line":54,"column":14},"end":{"line":54,"column":15}},"loc":{"start":{"line":54,"column":20},"end":{"line":58,"column":5}},"line":54},"6":{"name":"(anonymous_6)","decl":{"start":{"line":103,"column":46},"end":{"line":103,"column":47}},"loc":{"start":{"line":104,"column":28},"end":{"line":108,"column":30}},"line":104}},"branchMap":{"0":{"loc":{"start":{"line":35,"column":29},"end":{"line":35,"column":43}},"type":"default-arg","locations":[{"start":{"line":35,"column":39},"end":{"line":35,"column":43}}],"line":35},"1":{"loc":{"start":{"line":55,"column":8},"end":{"line":57,"column":9}},"type":"if","locations":[{"start":{"line":55,"column":8},"end":{"line":57,"column":9}},{"start":{},"end":{}}],"line":55},"2":{"loc":{"start":{"line":55,"column":12},"end":{"line":55,"column":61}},"type":"binary-expr","locations":[{"start":{"line":55,"column":12},"end":{"line":55,"column":42}},{"start":{"line":55,"column":46},"end":{"line":55,"column":61}}],"line":55},"3":{"loc":{"start":{"line":83,"column":13},"end":{"line":83,"column":35}},"type":"binary-expr","locations":[{"start":{"line":83,"column":13},"end":{"line":83,"column":20}},{"start":{"line":83,"column":24},"end":{"line":83,"column":35}}],"line":83},"4":{"loc":{"start":{"line":92,"column":25},"end":{"line":92,"column":65}},"type":"binary-expr","locations":[{"start":{"line":92,"column":25},"end":{"line":92,"column":44}},{"start":{"line":92,"column":48},"end":{"line":92,"column":65}}],"line":92},"5":{"loc":{"start":{"line":96,"column":21},"end":{"line":110,"column":21}},"type":"cond-expr","locations":[{"start":{"line":97,"column":24},"end":{"line":101,"column":29}},{"start":{"line":103,"column":24},"end":{"line":109,"column":26}}],"line":96},"6":{"loc":{"start":{"line":105,"column":37},"end":{"line":105,"column":57}},"type":"binary-expr","locations":[{"start":{"line":105,"column":37},"end":{"line":105,"column":48}},{"start":{"line":105,"column":52},"end":{"line":105,"column":57}}],"line":105},"7":{"loc":{"start":{"line":116,"column":13},"end":{"line":116,"column":95}},"type":"binary-expr","locations":[{"start":{"line":116,"column":13},"end":{"line":116,"column":24}},{"start":{"line":116,"column":28},"end":{"line":116,"column":95}}],"line":116}},"s":{"0":1,"1":3,"2":3,"3":3,"4":3,"5":3,"6":3,"7":3,"8":3,"9":3,"10":3,"11":0,"12":0,"13":3,"14":0,"15":0,"16":3,"17":0,"18":3,"19":1,"20":1,"21":3,"22":2,"23":0,"24":3,"25":6},"f":{"0":3,"1":0,"2":0,"3":0,"4":1,"5":2,"6":6},"b":{"0":[0],"1":[0,2],"2":[2,0],"3":[3,0],"4":[3,3],"5":[0,3],"6":[6,0],"7":[3,0]},"_coverageSchema":"1a1c01bbd47fc00a2c39e90264f33305004495a9","hash":"18ae551062714ee08a10cea748a1ac92e323b0dc"}
,"C:\\Dev\\React\\Challenges\\gestionPro\\cliente\\src\\components\\Spinner\\index.jsx": {"path":"C:\\Dev\\React\\Challenges\\gestionPro\\cliente\\src\\components\\Spinner\\index.jsx","statementMap":{"0":{"start":{"line":4,"column":23},"end":{"line":10,"column":1}},"1":{"start":{"line":5,"column":4},"end":{"line":9,"column":6}}},"fnMap":{"0":{"name":"(anonymous_0)","decl":{"start":{"line":4,"column":23},"end":{"line":4,"column":24}},"loc":{"start":{"line":4,"column":29},"end":{"line":10,"column":1}},"line":4}},"branchMap":{},"s":{"0":1,"1":0},"f":{"0":0},"b":{},"_coverageSchema":"1a1c01bbd47fc00a2c39e90264f33305004495a9","hash":"654843305fe1830ca8cf02e643e8579a0e4a31d0"}
,"C:\\Dev\\React\\Challenges\\gestionPro\\cliente\\src\\hooks\\useProductForm.js": {"path":"C:\\Dev\\React\\Challenges\\gestionPro\\cliente\\src\\hooks\\useProductForm.js","statementMap":{"0":{"start":{"line":4,"column":30},"end":{"line":62,"column":1}},"1":{"start":{"line":5,"column":36},"end":{"line":10,"column":6}},"2":{"start":{"line":12,"column":4},"end":{"line":28,"column":18}},"3":{"start":{"line":13,"column":8},"end":{"line":27,"column":9}},"4":{"start":{"line":14,"column":12},"end":{"line":19,"column":15}},"5":{"start":{"line":21,"column":12},"end":{"line":26,"column":15}},"6":{"start":{"line":30,"column":25},"end":{"line":33,"column":5}},"7":{"start":{"line":31,"column":32},"end":{"line":31,"column":40}},"8":{"start":{"line":32,"column":8},"end":{"line":32,"column":52}},"9":{"start":{"line":35,"column":25},"end":{"line":59,"column":5}},"10":{"start":{"line":36,"column":49},"end":{"line":36,"column":57}},"11":{"start":{"line":38,"column":8},"end":{"line":41,"column":9}},"12":{"start":{"line":39,"column":12},"end":{"line":39,"column":82}},"13":{"start":{"line":40,"column":12},"end":{"line":40,"column":25}},"14":{"start":{"line":43,"column":8},"end":{"line":46,"column":9}},"15":{"start":{"line":44,"column":12},"end":{"line":44,"column":85}},"16":{"start":{"line":45,"column":12},"end":{"line":45,"column":25}},"17":{"start":{"line":48,"column":8},"end":{"line":51,"column":9}},"18":{"start":{"line":49,"column":12},"end":{"line":49,"column":92}},"19":{"start":{"line":50,"column":12},"end":{"line":50,"column":25}},"20":{"start":{"line":53,"column":8},"end":{"line":56,"column":9}},"21":{"start":{"line":54,"column":12},"end":{"line":54,"column":103}},"22":{"start":{"line":55,"column":12},"end":{"line":55,"column":25}},"23":{"start":{"line":58,"column":8},"end":{"line":58,"column":20}},"24":{"start":{"line":61,"column":4},"end":{"line":61,"column":65}}},"fnMap":{"0":{"name":"(anonymous_0)","decl":{"start":{"line":4,"column":30},"end":{"line":4,"column":31}},"loc":{"start":{"line":4,"column":43},"end":{"line":62,"column":1}},"line":4},"1":{"name":"(anonymous_1)","decl":{"start":{"line":12,"column":14},"end":{"line":12,"column":15}},"loc":{"start":{"line":12,"column":20},"end":{"line":28,"column":5}},"line":12},"2":{"name":"(anonymous_2)","decl":{"start":{"line":30,"column":25},"end":{"line":30,"column":26}},"loc":{"start":{"line":30,"column":32},"end":{"line":33,"column":5}},"line":30},"3":{"name":"(anonymous_3)","decl":{"start":{"line":35,"column":25},"end":{"line":35,"column":26}},"loc":{"start":{"line":35,"column":31},"end":{"line":59,"column":5}},"line":35}},"branchMap":{"0":{"loc":{"start":{"line":13,"column":8},"end":{"line":27,"column":9}},"type":"if","locations":[{"start":{"line":13,"column":8},"end":{"line":27,"column":9}},{"start":{"line":20,"column":15},"end":{"line":27,"column":9}}],"line":13},"1":{"loc":{"start":{"line":15,"column":22},"end":{"line":15,"column":48}},"type":"binary-expr","locations":[{"start":{"line":15,"column":22},"end":{"line":15,"column":42}},{"start":{"line":15,"column":46},"end":{"line":15,"column":48}}],"line":15},"2":{"loc":{"start":{"line":16,"column":26},"end":{"line":16,"column":56}},"type":"binary-expr","locations":[{"start":{"line":16,"column":26},"end":{"line":16,"column":50}},{"start":{"line":16,"column":54},"end":{"line":16,"column":56}}],"line":16},"3":{"loc":{"start":{"line":17,"column":23},"end":{"line":17,"column":50}},"type":"binary-expr","locations":[{"start":{"line":17,"column":23},"end":{"line":17,"column":44}},{"start":{"line":17,"column":48},"end":{"line":17,"column":50}}],"line":17},"4":{"loc":{"start":{"line":18,"column":23},"end":{"line":18,"column":50}},"type":"binary-expr","locations":[{"start":{"line":18,"column":23},"end":{"line":18,"column":44}},{"start":{"line":18,"column":48},"end":{"line":18,"column":50}}],"line":18},"5":{"loc":{"start":{"line":38,"column":8},"end":{"line":41,"column":9}},"type":"if","locations":[{"start":{"line":38,"column":8},"end":{"line":41,"column":9}},{"start":{},"end":{}}],"line":38},"6":{"loc":{"start":{"line":43,"column":8},"end":{"line":46,"column":9}},"type":"if","locations":[{"start":{"line":43,"column":8},"end":{"line":46,"column":9}},{"start":{},"end":{}}],"line":43},"7":{"loc":{"start":{"line":48,"column":8},"end":{"line":51,"column":9}},"type":"if","locations":[{"start":{"line":48,"column":8},"end":{"line":51,"column":9}},{"start":{},"end":{}}],"line":48},"8":{"loc":{"start":{"line":48,"column":12},"end":{"line":48,"column":62}},"type":"binary-expr","locations":[{"start":{"line":48,"column":12},"end":{"line":48,"column":24}},{"start":{"line":48,"column":28},"end":{"line":48,"column":40}},{"start":{"line":48,"column":44},"end":{"line":48,"column":62}}],"line":48},"9":{"loc":{"start":{"line":53,"column":8},"end":{"line":56,"column":9}},"type":"if","locations":[{"start":{"line":53,"column":8},"end":{"line":56,"column":9}},{"start":{},"end":{}}],"line":53},"10":{"loc":{"start":{"line":53,"column":12},"end":{"line":53,"column":97}},"type":"binary-expr","locations":[{"start":{"line":53,"column":12},"end":{"line":53,"column":24}},{"start":{"line":53,"column":28},"end":{"line":53,"column":40}},{"start":{"line":53,"column":44},"end":{"line":53,"column":76}},{"start":{"line":53,"column":80},"end":{"line":53,"column":97}}],"line":53}},"s":{"0":1,"1":0,"2":0,"3":0,"4":0,"5":0,"6":0,"7":0,"8":0,"9":0,"10":0,"11":0,"12":0,"13":0,"14":0,"15":0,"16":0,"17":0,"18":0,"19":0,"20":0,"21":0,"22":0,"23":0,"24":0},"f":{"0":0,"1":0,"2":0,"3":0},"b":{"0":[0,0],"1":[0,0],"2":[0,0],"3":[0,0],"4":[0,0],"5":[0,0],"6":[0,0],"7":[0,0],"8":[0,0,0],"9":[0,0],"10":[0,0,0,0]},"_coverageSchema":"1a1c01bbd47fc00a2c39e90264f33305004495a9","hash":"34e5ac1671313562c72081e1cf2b1bbbff44881a"}
,"C:\\Dev\\React\\Challenges\\gestionPro\\cliente\\src\\store\\useProductStore.js": {"path":"C:\\Dev\\React\\Challenges\\gestionPro\\cliente\\src\\store\\useProductStore.js","statementMap":{"0":{"start":{"line":5,"column":31},"end":{"line":195,"column":3}},"1":{"start":{"line":5,"column":48},"end":{"line":195,"column":1}},"2":{"start":{"line":12,"column":8},"end":{"line":26,"column":9}},"3":{"start":{"line":13,"column":12},"end":{"line":13,"column":35}},"4":{"start":{"line":14,"column":29},"end":{"line":14,"column":55}},"5":{"start":{"line":15,"column":12},"end":{"line":15,"column":45}},"6":{"start":{"line":17,"column":12},"end":{"line":17,"column":66}},"7":{"start":{"line":18,"column":12},"end":{"line":23,"column":15}},"8":{"start":{"line":25,"column":12},"end":{"line":25,"column":36}},"9":{"start":{"line":30,"column":8},"end":{"line":55,"column":9}},"10":{"start":{"line":31,"column":12},"end":{"line":31,"column":35}},"11":{"start":{"line":32,"column":41},"end":{"line":32,"column":77}},"12":{"start":{"line":33,"column":29},"end":{"line":33,"column":78}},"13":{"start":{"line":34,"column":35},"end":{"line":34,"column":48}},"14":{"start":{"line":36,"column":12},"end":{"line":38,"column":16}},"15":{"start":{"line":36,"column":28},"end":{"line":38,"column":13}},"16":{"start":{"line":40,"column":12},"end":{"line":45,"column":15}},"17":{"start":{"line":47,"column":12},"end":{"line":52,"column":15}},"18":{"start":{"line":54,"column":12},"end":{"line":54,"column":36}},"19":{"start":{"line":59,"column":8},"end":{"line":83,"column":9}},"20":{"start":{"line":60,"column":12},"end":{"line":60,"column":35}},"21":{"start":{"line":61,"column":29},"end":{"line":61,"column":73}},"22":{"start":{"line":62,"column":12},"end":{"line":66,"column":16}},"23":{"start":{"line":62,"column":28},"end":{"line":66,"column":13}},"24":{"start":{"line":64,"column":20},"end":{"line":64,"column":64}},"25":{"start":{"line":67,"column":12},"end":{"line":72,"column":15}},"26":{"start":{"line":74,"column":12},"end":{"line":74,"column":62}},"27":{"start":{"line":75,"column":12},"end":{"line":80,"column":15}},"28":{"start":{"line":82,"column":12},"end":{"line":82,"column":36}},"29":{"start":{"line":87,"column":8},"end":{"line":123,"column":9}},"30":{"start":{"line":88,"column":27},"end":{"line":97,"column":14}},"31":{"start":{"line":99,"column":12},"end":{"line":112,"column":13}},"32":{"start":{"line":100,"column":16},"end":{"line":100,"column":39}},"33":{"start":{"line":101,"column":16},"end":{"line":101,"column":51}},"34":{"start":{"line":102,"column":16},"end":{"line":104,"column":20}},"35":{"start":{"line":102,"column":32},"end":{"line":104,"column":17}},"36":{"start":{"line":103,"column":65},"end":{"line":103,"column":83}},"37":{"start":{"line":106,"column":16},"end":{"line":111,"column":19}},"38":{"start":{"line":114,"column":12},"end":{"line":114,"column":60}},"39":{"start":{"line":115,"column":12},"end":{"line":120,"column":15}},"40":{"start":{"line":122,"column":12},"end":{"line":122,"column":36}},"41":{"start":{"line":127,"column":8},"end":{"line":131,"column":12}},"42":{"start":{"line":127,"column":24},"end":{"line":131,"column":9}},"43":{"start":{"line":129,"column":16},"end":{"line":129,"column":71}},"44":{"start":{"line":135,"column":23},"end":{"line":135,"column":39}},"45":{"start":{"line":137,"column":8},"end":{"line":181,"column":10}},"46":{"start":{"line":138,"column":12},"end":{"line":180,"column":13}},"47":{"start":{"line":139,"column":29},"end":{"line":139,"column":54}},"48":{"start":{"line":140,"column":16},"end":{"line":142,"column":17}},"49":{"start":{"line":141,"column":20},"end":{"line":141,"column":87}},"50":{"start":{"line":144,"column":42},"end":{"line":147,"column":19}},"51":{"start":{"line":144,"column":65},"end":{"line":147,"column":17}},"52":{"start":{"line":149,"column":16},"end":{"line":149,"column":39}},"53":{"start":{"line":152,"column":40},"end":{"line":157,"column":17}},"54":{"start":{"line":154,"column":41},"end":{"line":154,"column":77}},"55":{"start":{"line":155,"column":24},"end":{"line":155,"column":45}},"56":{"start":{"line":160,"column":16},"end":{"line":162,"column":20}},"57":{"start":{"line":160,"column":32},"end":{"line":162,"column":17}},"58":{"start":{"line":164,"column":16},"end":{"line":169,"column":19}},"59":{"start":{"line":172,"column":16},"end":{"line":177,"column":19}},"60":{"start":{"line":179,"column":16},"end":{"line":179,"column":40}},"61":{"start":{"line":183,"column":8},"end":{"line":190,"column":10}},"62":{"start":{"line":184,"column":12},"end":{"line":189,"column":15}},"63":{"start":{"line":192,"column":8},"end":{"line":192,"column":32}}},"fnMap":{"0":{"name":"(anonymous_0)","decl":{"start":{"line":5,"column":38},"end":{"line":5,"column":39}},"loc":{"start":{"line":5,"column":48},"end":{"line":195,"column":1}},"line":5},"1":{"name":"(anonymous_1)","decl":{"start":{"line":11,"column":19},"end":{"line":11,"column":20}},"loc":{"start":{"line":11,"column":31},"end":{"line":27,"column":5}},"line":11},"2":{"name":"(anonymous_2)","decl":{"start":{"line":29,"column":16},"end":{"line":29,"column":17}},"loc":{"start":{"line":29,"column":38},"end":{"line":56,"column":5}},"line":29},"3":{"name":"(anonymous_3)","decl":{"start":{"line":36,"column":16},"end":{"line":36,"column":17}},"loc":{"start":{"line":36,"column":28},"end":{"line":38,"column":13}},"line":36},"4":{"name":"(anonymous_4)","decl":{"start":{"line":58,"column":19},"end":{"line":58,"column":20}},"loc":{"start":{"line":58,"column":46},"end":{"line":84,"column":5}},"line":58},"5":{"name":"(anonymous_5)","decl":{"start":{"line":62,"column":16},"end":{"line":62,"column":17}},"loc":{"start":{"line":62,"column":28},"end":{"line":66,"column":13}},"line":62},"6":{"name":"(anonymous_6)","decl":{"start":{"line":63,"column":45},"end":{"line":63,"column":46}},"loc":{"start":{"line":64,"column":20},"end":{"line":64,"column":64}},"line":64},"7":{"name":"(anonymous_7)","decl":{"start":{"line":86,"column":19},"end":{"line":86,"column":20}},"loc":{"start":{"line":86,"column":33},"end":{"line":124,"column":5}},"line":86},"8":{"name":"(anonymous_8)","decl":{"start":{"line":102,"column":20},"end":{"line":102,"column":21}},"loc":{"start":{"line":102,"column":32},"end":{"line":104,"column":17}},"line":102},"9":{"name":"(anonymous_9)","decl":{"start":{"line":103,"column":52},"end":{"line":103,"column":53}},"loc":{"start":{"line":103,"column":65},"end":{"line":103,"column":83}},"line":103},"10":{"name":"(anonymous_10)","decl":{"start":{"line":126,"column":26},"end":{"line":126,"column":27}},"loc":{"start":{"line":126,"column":36},"end":{"line":132,"column":5}},"line":126},"11":{"name":"(anonymous_11)","decl":{"start":{"line":127,"column":12},"end":{"line":127,"column":13}},"loc":{"start":{"line":127,"column":24},"end":{"line":131,"column":9}},"line":127},"12":{"name":"(anonymous_12)","decl":{"start":{"line":128,"column":44},"end":{"line":128,"column":45}},"loc":{"start":{"line":129,"column":16},"end":{"line":129,"column":71}},"line":129},"13":{"name":"(anonymous_13)","decl":{"start":{"line":134,"column":21},"end":{"line":134,"column":22}},"loc":{"start":{"line":134,"column":37},"end":{"line":193,"column":5}},"line":134},"14":{"name":"(anonymous_14)","decl":{"start":{"line":137,"column":24},"end":{"line":137,"column":25}},"loc":{"start":{"line":137,"column":36},"end":{"line":181,"column":9}},"line":137},"15":{"name":"(anonymous_15)","decl":{"start":{"line":144,"column":51},"end":{"line":144,"column":52}},"loc":{"start":{"line":144,"column":65},"end":{"line":147,"column":17}},"line":144},"16":{"name":"(anonymous_16)","decl":{"start":{"line":153,"column":42},"end":{"line":153,"column":43}},"loc":{"start":{"line":153,"column":61},"end":{"line":156,"column":21}},"line":153},"17":{"name":"(anonymous_17)","decl":{"start":{"line":160,"column":20},"end":{"line":160,"column":21}},"loc":{"start":{"line":160,"column":32},"end":{"line":162,"column":17}},"line":160},"18":{"name":"(anonymous_18)","decl":{"start":{"line":183,"column":25},"end":{"line":183,"column":26}},"loc":{"start":{"line":183,"column":31},"end":{"line":190,"column":9}},"line":183}},"branchMap":{"0":{"loc":{"start":{"line":64,"column":20},"end":{"line":64,"column":64}},"type":"cond-expr","locations":[{"start":{"line":64,"column":41},"end":{"line":64,"column":54}},{"start":{"line":64,"column":57},"end":{"line":64,"column":64}}],"line":64},"1":{"loc":{"start":{"line":99,"column":12},"end":{"line":112,"column":13}},"type":"if","locations":[{"start":{"line":99,"column":12},"end":{"line":112,"column":13}},{"start":{},"end":{}}],"line":99},"2":{"loc":{"start":{"line":140,"column":16},"end":{"line":142,"column":17}},"type":"if","locations":[{"start":{"line":140,"column":16},"end":{"line":142,"column":17}},{"start":{},"end":{}}],"line":140},"3":{"loc":{"start":{"line":174,"column":26},"end":{"line":174,"column":124}},"type":"binary-expr","locations":[{"start":{"line":174,"column":26},"end":{"line":174,"column":39}},{"start":{"line":174,"column":43},"end":{"line":174,"column":124}}],"line":174}},"s":{"0":2,"1":2,"2":2,"3":2,"4":2,"5":1,"6":1,"7":1,"8":2,"9":1,"10":1,"11":1,"12":1,"13":1,"14":1,"15":1,"16":1,"17":0,"18":1,"19":0,"20":0,"21":0,"22":0,"23":0,"24":0,"25":0,"26":0,"27":0,"28":0,"29":0,"30":0,"31":0,"32":0,"33":0,"34":0,"35":0,"36":0,"37":0,"38":0,"39":0,"40":0,"41":0,"42":0,"43":0,"44":0,"45":0,"46":0,"47":0,"48":0,"49":0,"50":0,"51":0,"52":0,"53":0,"54":0,"55":0,"56":0,"57":0,"58":0,"59":0,"60":0,"61":0,"62":0,"63":0},"f":{"0":2,"1":2,"2":1,"3":1,"4":0,"5":0,"6":0,"7":0,"8":0,"9":0,"10":0,"11":0,"12":0,"13":0,"14":0,"15":0,"16":0,"17":0,"18":0},"b":{"0":[0,0],"1":[0,0],"2":[0,0],"3":[0,0]},"_coverageSchema":"1a1c01bbd47fc00a2c39e90264f33305004495a9","hash":"936c65f149d4f67abe6428831d7fb61e8dacb899"}
,"C:\\Dev\\React\\Challenges\\gestionPro\\servidor\\controllers\\products.js": {"path":"C:\\Dev\\React\\Challenges\\gestionPro\\servidor\\controllers\\products.js","statementMap":{"0":{"start":{"line":1,"column":16},"end":{"line":1,"column":44}},"1":{"start":{"line":3,"column":20},"end":{"line":11,"column":1}},"2":{"start":{"line":4,"column":4},"end":{"line":10,"column":5}},"3":{"start":{"line":5,"column":25},"end":{"line":5,"column":45}},"4":{"start":{"line":6,"column":8},"end":{"line":6,"column":27}},"5":{"start":{"line":8,"column":8},"end":{"line":8,"column":29}},"6":{"start":{"line":9,"column":8},"end":{"line":9,"column":74}},"7":{"start":{"line":13,"column":22},"end":{"line":27,"column":1}},"8":{"start":{"line":14,"column":57},"end":{"line":14,"column":65}},"9":{"start":{"line":15,"column":4},"end":{"line":17,"column":5}},"10":{"start":{"line":16,"column":8},"end":{"line":16,"column":82}},"11":{"start":{"line":19,"column":4},"end":{"line":26,"column":5}},"12":{"start":{"line":20,"column":27},"end":{"line":20,"column":84}},"13":{"start":{"line":21,"column":8},"end":{"line":21,"column":32}},"14":{"start":{"line":22,"column":8},"end":{"line":22,"column":41}},"15":{"start":{"line":24,"column":8},"end":{"line":24,"column":29}},"16":{"start":{"line":25,"column":8},"end":{"line":25,"column":70}},"17":{"start":{"line":29,"column":22},"end":{"line":47,"column":1}},"18":{"start":{"line":30,"column":19},"end":{"line":30,"column":29}},"19":{"start":{"line":31,"column":45},"end":{"line":31,"column":53}},"20":{"start":{"line":33,"column":4},"end":{"line":46,"column":5}},"21":{"start":{"line":34,"column":31},"end":{"line":38,"column":9}},"22":{"start":{"line":39,"column":8},"end":{"line":41,"column":9}},"23":{"start":{"line":40,"column":12},"end":{"line":40,"column":77}},"24":{"start":{"line":42,"column":8},"end":{"line":42,"column":33}},"25":{"start":{"line":44,"column":8},"end":{"line":44,"column":29}},"26":{"start":{"line":45,"column":8},"end":{"line":45,"column":75}},"27":{"start":{"line":49,"column":22},"end":{"line":62,"column":1}},"28":{"start":{"line":50,"column":19},"end":{"line":50,"column":29}},"29":{"start":{"line":52,"column":4},"end":{"line":61,"column":5}},"30":{"start":{"line":53,"column":31},"end":{"line":53,"column":66}},"31":{"start":{"line":54,"column":8},"end":{"line":56,"column":9}},"32":{"start":{"line":55,"column":12},"end":{"line":55,"column":77}},"33":{"start":{"line":57,"column":8},"end":{"line":57,"column":90}},"34":{"start":{"line":59,"column":8},"end":{"line":59,"column":29}},"35":{"start":{"line":60,"column":8},"end":{"line":60,"column":73}},"36":{"start":{"line":64,"column":0},"end":{"line":69,"column":2}}},"fnMap":{"0":{"name":"(anonymous_0)","decl":{"start":{"line":3,"column":20},"end":{"line":3,"column":21}},"loc":{"start":{"line":3,"column":40},"end":{"line":11,"column":1}},"line":3},"1":{"name":"(anonymous_1)","decl":{"start":{"line":13,"column":22},"end":{"line":13,"column":23}},"loc":{"start":{"line":13,"column":42},"end":{"line":27,"column":1}},"line":13},"2":{"name":"(anonymous_2)","decl":{"start":{"line":29,"column":22},"end":{"line":29,"column":23}},"loc":{"start":{"line":29,"column":42},"end":{"line":47,"column":1}},"line":29},"3":{"name":"(anonymous_3)","decl":{"start":{"line":49,"column":22},"end":{"line":49,"column":23}},"loc":{"start":{"line":49,"column":42},"end":{"line":62,"column":1}},"line":49}},"branchMap":{"0":{"loc":{"start":{"line":15,"column":4},"end":{"line":17,"column":5}},"type":"if","locations":[{"start":{"line":15,"column":4},"end":{"line":17,"column":5}},{"start":{},"end":{}}],"line":15},"1":{"loc":{"start":{"line":15,"column":8},"end":{"line":15,"column":46}},"type":"binary-expr","locations":[{"start":{"line":15,"column":8},"end":{"line":15,"column":13}},{"start":{"line":15,"column":17},"end":{"line":15,"column":26}},{"start":{"line":15,"column":30},"end":{"line":15,"column":36}},{"start":{"line":15,"column":40},"end":{"line":15,"column":46}}],"line":15},"2":{"loc":{"start":{"line":39,"column":8},"end":{"line":41,"column":9}},"type":"if","locations":[{"start":{"line":39,"column":8},"end":{"line":41,"column":9}},{"start":{},"end":{}}],"line":39},"3":{"loc":{"start":{"line":54,"column":8},"end":{"line":56,"column":9}},"type":"if","locations":[{"start":{"line":54,"column":8},"end":{"line":56,"column":9}},{"start":{},"end":{}}],"line":54}},"s":{"0":1,"1":1,"2":1,"3":1,"4":0,"5":1,"6":1,"7":1,"8":2,"9":2,"10":1,"11":1,"12":1,"13":1,"14":0,"15":1,"16":1,"17":1,"18":2,"19":2,"20":2,"21":2,"22":1,"23":1,"24":0,"25":1,"26":1,"27":1,"28":2,"29":2,"30":2,"31":1,"32":1,"33":0,"34":1,"35":1,"36":1},"f":{"0":1,"1":2,"2":2,"3":2},"b":{"0":[1,1],"1":[2,1,1,1],"2":[1,0],"3":[1,0]},"_coverageSchema":"1a1c01bbd47fc00a2c39e90264f33305004495a9","hash":"15eb187b209cdd8086cef74fc36bddac0f63ff56"}
,"C:\\Dev\\React\\Challenges\\gestionPro\\servidor\\middlewares\\validar-campos.js": {"path":"C:\\Dev\\React\\Challenges\\gestionPro\\servidor\\middlewares\\validar-campos.js","statementMap":{"0":{"start":{"line":1,"column":21},"end":{"line":1,"column":39}},"1":{"start":{"line":2,"column":29},"end":{"line":2,"column":57}},"2":{"start":{"line":4,"column":22},"end":{"line":17,"column":1}},"3":{"start":{"line":6,"column":19},"end":{"line":6,"column":40}},"4":{"start":{"line":8,"column":4},"end":{"line":13,"column":5}},"5":{"start":{"line":9,"column":8},"end":{"line":12,"column":10}},"6":{"start":{"line":15,"column":4},"end":{"line":15,"column":10}},"7":{"start":{"line":19,"column":0},"end":{"line":21,"column":1}}},"fnMap":{"0":{"name":"(anonymous_0)","decl":{"start":{"line":4,"column":22},"end":{"line":4,"column":23}},"loc":{"start":{"line":4,"column":53},"end":{"line":17,"column":1}},"line":4}},"branchMap":{"0":{"loc":{"start":{"line":4,"column":28},"end":{"line":4,"column":42}},"type":"default-arg","locations":[{"start":{"line":4,"column":34},"end":{"line":4,"column":42}}],"line":4},"1":{"loc":{"start":{"line":8,"column":4},"end":{"line":13,"column":5}},"type":"if","locations":[{"start":{"line":8,"column":4},"end":{"line":13,"column":5}},{"start":{},"end":{}}],"line":8}},"s":{"0":1,"1":1,"2":1,"3":2,"4":2,"5":1,"6":1,"7":1},"f":{"0":2},"b":{"0":[0],"1":[1,1]},"_coverageSchema":"1a1c01bbd47fc00a2c39e90264f33305004495a9","hash":"ad266ea0ef6390fa3bc97569ea70e70b7b6e94b5"}
,"C:\\Dev\\React\\Challenges\\gestionPro\\servidor\\models\\Product.js": {"path":"C:\\Dev\\React\\Challenges\\gestionPro\\servidor\\models\\Product.js","statementMap":{"0":{"start":{"line":1,"column":17},"end":{"line":1,"column":36}},"1":{"start":{"line":3,"column":22},"end":{"line":24,"column":2}},"2":{"start":{"line":26,"column":16},"end":{"line":26,"column":56}},"3":{"start":{"line":28,"column":0},"end":{"line":28,"column":25}}},"fnMap":{},"branchMap":{},"s":{"0":2,"1":2,"2":2,"3":2},"f":{},"b":{},"_coverageSchema":"1a1c01bbd47fc00a2c39e90264f33305004495a9","hash":"2369a1292f3f416c1da91417f2ba4c3c2817495a"}
}
