{"C:\\Dev\\React\\Challenges\\gestionPro\\servidor\\controllers\\products.js": {"path":"C:\\Dev\\React\\Challenges\\gestionPro\\servidor\\controllers\\products.js","statementMap":{"0":{"start":{"line":1,"column":16},"end":{"line":1,"column":44}},"1":{"start":{"line":3,"column":20},"end":{"line":11,"column":1}},"2":{"start":{"line":4,"column":4},"end":{"line":10,"column":5}},"3":{"start":{"line":5,"column":25},"end":{"line":5,"column":45}},"4":{"start":{"line":6,"column":8},"end":{"line":6,"column":27}},"5":{"start":{"line":8,"column":8},"end":{"line":8,"column":29}},"6":{"start":{"line":9,"column":8},"end":{"line":9,"column":74}},"7":{"start":{"line":13,"column":22},"end":{"line":27,"column":1}},"8":{"start":{"line":14,"column":57},"end":{"line":14,"column":65}},"9":{"start":{"line":15,"column":4},"end":{"line":17,"column":5}},"10":{"start":{"line":16,"column":8},"end":{"line":16,"column":82}},"11":{"start":{"line":19,"column":4},"end":{"line":26,"column":5}},"12":{"start":{"line":20,"column":27},"end":{"line":20,"column":84}},"13":{"start":{"line":21,"column":8},"end":{"line":21,"column":32}},"14":{"start":{"line":22,"column":8},"end":{"line":22,"column":41}},"15":{"start":{"line":24,"column":8},"end":{"line":24,"column":29}},"16":{"start":{"line":25,"column":8},"end":{"line":25,"column":70}},"17":{"start":{"line":29,"column":22},"end":{"line":47,"column":1}},"18":{"start":{"line":30,"column":19},"end":{"line":30,"column":29}},"19":{"start":{"line":31,"column":45},"end":{"line":31,"column":53}},"20":{"start":{"line":33,"column":4},"end":{"line":46,"column":5}},"21":{"start":{"line":34,"column":31},"end":{"line":38,"column":9}},"22":{"start":{"line":39,"column":8},"end":{"line":41,"column":9}},"23":{"start":{"line":40,"column":12},"end":{"line":40,"column":77}},"24":{"start":{"line":42,"column":8},"end":{"line":42,"column":33}},"25":{"start":{"line":44,"column":8},"end":{"line":44,"column":29}},"26":{"start":{"line":45,"column":8},"end":{"line":45,"column":75}},"27":{"start":{"line":49,"column":22},"end":{"line":62,"column":1}},"28":{"start":{"line":50,"column":19},"end":{"line":50,"column":29}},"29":{"start":{"line":52,"column":4},"end":{"line":61,"column":5}},"30":{"start":{"line":53,"column":31},"end":{"line":53,"column":66}},"31":{"start":{"line":54,"column":8},"end":{"line":56,"column":9}},"32":{"start":{"line":55,"column":12},"end":{"line":55,"column":77}},"33":{"start":{"line":57,"column":8},"end":{"line":57,"column":90}},"34":{"start":{"line":59,"column":8},"end":{"line":59,"column":29}},"35":{"start":{"line":60,"column":8},"end":{"line":60,"column":73}},"36":{"start":{"line":64,"column":0},"end":{"line":69,"column":2}}},"fnMap":{"0":{"name":"(anonymous_0)","decl":{"start":{"line":3,"column":20},"end":{"line":3,"column":21}},"loc":{"start":{"line":3,"column":40},"end":{"line":11,"column":1}},"line":3},"1":{"name":"(anonymous_1)","decl":{"start":{"line":13,"column":22},"end":{"line":13,"column":23}},"loc":{"start":{"line":13,"column":42},"end":{"line":27,"column":1}},"line":13},"2":{"name":"(anonymous_2)","decl":{"start":{"line":29,"column":22},"end":{"line":29,"column":23}},"loc":{"start":{"line":29,"column":42},"end":{"line":47,"column":1}},"line":29},"3":{"name":"(anonymous_3)","decl":{"start":{"line":49,"column":22},"end":{"line":49,"column":23}},"loc":{"start":{"line":49,"column":42},"end":{"line":62,"column":1}},"line":49}},"branchMap":{"0":{"loc":{"start":{"line":15,"column":4},"end":{"line":17,"column":5}},"type":"if","locations":[{"start":{"line":15,"column":4},"end":{"line":17,"column":5}},{"start":{},"end":{}}],"line":15},"1":{"loc":{"start":{"line":15,"column":8},"end":{"line":15,"column":46}},"type":"binary-expr","locations":[{"start":{"line":15,"column":8},"end":{"line":15,"column":13}},{"start":{"line":15,"column":17},"end":{"line":15,"column":26}},{"start":{"line":15,"column":30},"end":{"line":15,"column":36}},{"start":{"line":15,"column":40},"end":{"line":15,"column":46}}],"line":15},"2":{"loc":{"start":{"line":39,"column":8},"end":{"line":41,"column":9}},"type":"if","locations":[{"start":{"line":39,"column":8},"end":{"line":41,"column":9}},{"start":{},"end":{}}],"line":39},"3":{"loc":{"start":{"line":54,"column":8},"end":{"line":56,"column":9}},"type":"if","locations":[{"start":{"line":54,"column":8},"end":{"line":56,"column":9}},{"start":{},"end":{}}],"line":54}},"s":{"0":1,"1":1,"2":1,"3":1,"4":0,"5":1,"6":1,"7":1,"8":2,"9":2,"10":1,"11":1,"12":1,"13":1,"14":0,"15":1,"16":1,"17":1,"18":2,"19":2,"20":2,"21":2,"22":1,"23":1,"24":0,"25":1,"26":1,"27":1,"28":2,"29":2,"30":2,"31":1,"32":1,"33":0,"34":1,"35":1,"36":1},"f":{"0":1,"1":2,"2":2,"3":2},"b":{"0":[1,1],"1":[2,1,1,1],"2":[1,0],"3":[1,0]},"_coverageSchema":"1a1c01bbd47fc00a2c39e90264f33305004495a9","hash":"15eb187b209cdd8086cef74fc36bddac0f63ff56"}
,"C:\\Dev\\React\\Challenges\\gestionPro\\servidor\\middlewares\\validar-campos.js": {"path":"C:\\Dev\\React\\Challenges\\gestionPro\\servidor\\middlewares\\validar-campos.js","statementMap":{"0":{"start":{"line":1,"column":21},"end":{"line":1,"column":39}},"1":{"start":{"line":2,"column":29},"end":{"line":2,"column":57}},"2":{"start":{"line":4,"column":22},"end":{"line":17,"column":1}},"3":{"start":{"line":6,"column":19},"end":{"line":6,"column":40}},"4":{"start":{"line":8,"column":4},"end":{"line":13,"column":5}},"5":{"start":{"line":9,"column":8},"end":{"line":12,"column":10}},"6":{"start":{"line":15,"column":4},"end":{"line":15,"column":10}},"7":{"start":{"line":19,"column":0},"end":{"line":21,"column":1}}},"fnMap":{"0":{"name":"(anonymous_0)","decl":{"start":{"line":4,"column":22},"end":{"line":4,"column":23}},"loc":{"start":{"line":4,"column":53},"end":{"line":17,"column":1}},"line":4}},"branchMap":{"0":{"loc":{"start":{"line":4,"column":28},"end":{"line":4,"column":42}},"type":"default-arg","locations":[{"start":{"line":4,"column":34},"end":{"line":4,"column":42}}],"line":4},"1":{"loc":{"start":{"line":8,"column":4},"end":{"line":13,"column":5}},"type":"if","locations":[{"start":{"line":8,"column":4},"end":{"line":13,"column":5}},{"start":{},"end":{}}],"line":8}},"s":{"0":1,"1":1,"2":1,"3":2,"4":2,"5":1,"6":1,"7":1},"f":{"0":2},"b":{"0":[0],"1":[1,1]},"_coverageSchema":"1a1c01bbd47fc00a2c39e90264f33305004495a9","hash":"ad266ea0ef6390fa3bc97569ea70e70b7b6e94b5"}
,"C:\\Dev\\React\\Challenges\\gestionPro\\servidor\\models\\Product.js": {"path":"C:\\Dev\\React\\Challenges\\gestionPro\\servidor\\models\\Product.js","statementMap":{"0":{"start":{"line":1,"column":17},"end":{"line":1,"column":36}},"1":{"start":{"line":3,"column":22},"end":{"line":24,"column":2}},"2":{"start":{"line":26,"column":16},"end":{"line":26,"column":56}},"3":{"start":{"line":28,"column":0},"end":{"line":28,"column":25}}},"fnMap":{},"branchMap":{},"s":{"0":2,"1":2,"2":2,"3":2},"f":{},"b":{},"_coverageSchema":"1a1c01bbd47fc00a2c39e90264f33305004495a9","hash":"2369a1292f3f416c1da91417f2ba4c3c2817495a"}
}
