TN:
SF:cliente\src\api\productsApi.js
FN:13,(anonymous_0)
FN:22,(anonymous_1)
FN:30,(anonymous_2)
FN:35,(anonymous_3)
FNF:4
FNH:0
FNDA:0,(anonymous_0)
FNDA:0,(anonymous_1)
FNDA:0,(anonymous_2)
FNDA:0,(anonymous_3)
DA:5,1
DA:7,1
DA:12,1
DA:15,0
DA:20,0
DA:24,0
DA:29,1
DA:33,0
DA:37,0
DA:39,0
DA:40,0
DA:42,0
DA:45,0
DA:48,0
LF:14
LH:4
BRDA:37,0,0,0
BRDA:37,0,1,0
BRDA:40,1,0,0
BRDA:40,1,1,0
BRF:4
BRH:0
end_of_record
TN:
SF:cliente\src\components\DarkModeToggle\index.jsx
FN:4,(anonymous_0)
FN:7,(anonymous_1)
FN:13,(anonymous_2)
FNF:3
FNH:2
FNDA:4,(anonymous_0)
FNDA:2,(anonymous_1)
FNDA:0,(anonymous_2)
DA:4,1
DA:5,4
DA:7,4
DA:8,2
DA:9,2
DA:10,2
DA:13,4
DA:14,0
DA:15,0
DA:16,0
DA:17,0
DA:20,4
LF:12
LH:8
BRDA:8,0,0,2
BRDA:8,0,1,2
BRDA:14,1,0,0
BRDA:14,1,1,0
BRDA:22,2,0,0
BRDA:22,2,1,4
BRF:6
BRH:3
end_of_record
TN:
SF:cliente\src\components\Product\index.jsx
FN:6,(anonymous_0)
FN:10,(anonymous_1)
FN:18,(anonymous_2)
FN:33,(anonymous_3)
FNF:4
FNH:2
FNDA:6,(anonymous_0)
FNDA:6,(anonymous_1)
FNDA:0,(anonymous_2)
FNDA:0,(anonymous_3)
DA:6,1
DA:7,6
DA:8,6
DA:10,6
DA:11,6
DA:18,6
DA:19,0
DA:20,0
DA:23,6
DA:33,0
LF:10
LH:7
BRDA:29,0,0,6
BRDA:29,0,1,6
BRF:2
BRH:2
end_of_record
TN:
SF:cliente\src\components\ProductModal\ProductForm.jsx
FN:3,(anonymous_0)
FNF:1
FNH:0
FNDA:0,(anonymous_0)
DA:3,1
DA:4,0
LF:2
LH:1
BRF:0
BRH:0
end_of_record
TN:
SF:cliente\src\components\ProductModal\index.jsx
FN:7,(anonymous_0)
FN:11,(anonymous_1)
FNF:2
FNH:0
FNDA:0,(anonymous_0)
FNDA:0,(anonymous_1)
DA:7,1
DA:8,0
DA:9,0
DA:11,0
DA:12,0
DA:14,0
DA:16,0
DA:17,0
DA:18,0
DA:20,0
DA:23,0
DA:25,0
DA:26,0
DA:30,0
LF:14
LH:1
BRDA:14,0,0,0
BRDA:14,0,1,0
BRDA:17,1,0,0
BRDA:17,1,1,0
BRDA:34,2,0,0
BRDA:34,2,1,0
BRF:6
BRH:0
end_of_record
TN:
SF:cliente\src\components\ProductsTable\ActionButtons.jsx
FN:4,(anonymous_0)
FN:5,(anonymous_1)
FN:6,(anonymous_2)
FN:12,(anonymous_3)
FN:17,(anonymous_4)
FN:27,(anonymous_5)
FNF:6
FNH:3
FNDA:3,(anonymous_0)
FNDA:2,(anonymous_1)
FNDA:0,(anonymous_2)
FNDA:2,(anonymous_3)
FNDA:0,(anonymous_4)
FNDA:0,(anonymous_5)
DA:4,1
DA:5,3
DA:6,2
DA:7,0
DA:8,0
DA:12,2
DA:15,3
DA:17,0
DA:27,0
LF:9
LH:5
BRDA:7,0,0,0
BRDA:7,0,1,0
BRF:2
BRH:0
end_of_record
TN:
SF:cliente\src\components\ProductsTable\Pagination.jsx
FN:3,(anonymous_0)
FN:6,(anonymous_1)
FN:10,(anonymous_2)
FNF:3
FNH:2
FNDA:3,(anonymous_0)
FNDA:3,(anonymous_1)
FNDA:0,(anonymous_2)
DA:3,1
DA:4,3
DA:7,3
DA:10,0
LF:4
LH:3
BRDA:9,0,0,3
BRDA:9,0,1,0
BRF:2
BRH:1
end_of_record
TN:
SF:cliente\src\components\ProductsTable\index.jsx
FN:12,(anonymous_0)
FN:35,(anonymous_1)
FN:40,(anonymous_2)
FN:45,(anonymous_3)
FN:49,(anonymous_4)
FN:54,(anonymous_5)
FN:103,(anonymous_6)
FNF:7
FNH:4
FNDA:3,(anonymous_0)
FNDA:0,(anonymous_1)
FNDA:0,(anonymous_2)
FNDA:0,(anonymous_3)
FNDA:1,(anonymous_4)
FNDA:2,(anonymous_5)
FNDA:6,(anonymous_6)
DA:12,1
DA:13,3
DA:14,3
DA:15,3
DA:16,3
DA:23,3
DA:25,3
DA:26,3
DA:27,3
DA:30,3
DA:35,3
DA:36,0
DA:37,0
DA:40,3
DA:41,0
DA:42,0
DA:45,3
DA:46,0
DA:49,3
DA:50,1
DA:51,1
DA:54,3
DA:55,2
DA:56,0
DA:60,3
DA:104,6
LF:26
LH:20
BRDA:35,0,0,0
BRDA:55,1,0,0
BRDA:55,1,1,2
BRDA:55,2,0,2
BRDA:55,2,1,0
BRDA:83,3,0,3
BRDA:83,3,1,0
BRDA:92,4,0,3
BRDA:92,4,1,3
BRDA:96,5,0,0
BRDA:96,5,1,3
BRDA:105,6,0,6
BRDA:105,6,1,0
BRDA:116,7,0,3
BRDA:116,7,1,0
BRF:15
BRH:8
end_of_record
TN:
SF:cliente\src\components\Spinner\index.jsx
FN:4,(anonymous_0)
FNF:1
FNH:0
FNDA:0,(anonymous_0)
DA:4,1
DA:5,0
LF:2
LH:1
BRF:0
BRH:0
end_of_record
TN:
SF:cliente\src\hooks\useProductForm.js
FN:4,(anonymous_0)
FN:12,(anonymous_1)
FN:30,(anonymous_2)
FN:35,(anonymous_3)
FNF:4
FNH:0
FNDA:0,(anonymous_0)
FNDA:0,(anonymous_1)
FNDA:0,(anonymous_2)
FNDA:0,(anonymous_3)
DA:4,1
DA:5,0
DA:12,0
DA:13,0
DA:14,0
DA:21,0
DA:30,0
DA:31,0
DA:32,0
DA:35,0
DA:36,0
DA:38,0
DA:39,0
DA:40,0
DA:43,0
DA:44,0
DA:45,0
DA:48,0
DA:49,0
DA:50,0
DA:53,0
DA:54,0
DA:55,0
DA:58,0
DA:61,0
LF:25
LH:1
BRDA:13,0,0,0
BRDA:13,0,1,0
BRDA:15,1,0,0
BRDA:15,1,1,0
BRDA:16,2,0,0
BRDA:16,2,1,0
BRDA:17,3,0,0
BRDA:17,3,1,0
BRDA:18,4,0,0
BRDA:18,4,1,0
BRDA:38,5,0,0
BRDA:38,5,1,0
BRDA:43,6,0,0
BRDA:43,6,1,0
BRDA:48,7,0,0
BRDA:48,7,1,0
BRDA:48,8,0,0
BRDA:48,8,1,0
BRDA:48,8,2,0
BRDA:53,9,0,0
BRDA:53,9,1,0
BRDA:53,10,0,0
BRDA:53,10,1,0
BRDA:53,10,2,0
BRDA:53,10,3,0
BRF:25
BRH:0
end_of_record
TN:
SF:cliente\src\store\useProductStore.js
FN:5,(anonymous_0)
FN:11,(anonymous_1)
FN:29,(anonymous_2)
FN:36,(anonymous_3)
FN:58,(anonymous_4)
FN:62,(anonymous_5)
FN:63,(anonymous_6)
FN:86,(anonymous_7)
FN:102,(anonymous_8)
FN:103,(anonymous_9)
FN:126,(anonymous_10)
FN:127,(anonymous_11)
FN:128,(anonymous_12)
FN:134,(anonymous_13)
FN:137,(anonymous_14)
FN:144,(anonymous_15)
FN:153,(anonymous_16)
FN:160,(anonymous_17)
FN:183,(anonymous_18)
FNF:19
FNH:4
FNDA:2,(anonymous_0)
FNDA:2,(anonymous_1)
FNDA:1,(anonymous_2)
FNDA:1,(anonymous_3)
FNDA:0,(anonymous_4)
FNDA:0,(anonymous_5)
FNDA:0,(anonymous_6)
FNDA:0,(anonymous_7)
FNDA:0,(anonymous_8)
FNDA:0,(anonymous_9)
FNDA:0,(anonymous_10)
FNDA:0,(anonymous_11)
FNDA:0,(anonymous_12)
FNDA:0,(anonymous_13)
FNDA:0,(anonymous_14)
FNDA:0,(anonymous_15)
FNDA:0,(anonymous_16)
FNDA:0,(anonymous_17)
FNDA:0,(anonymous_18)
DA:5,2
DA:12,2
DA:13,2
DA:14,2
DA:15,1
DA:17,1
DA:18,1
DA:25,2
DA:30,1
DA:31,1
DA:32,1
DA:33,1
DA:34,1
DA:36,1
DA:40,1
DA:47,0
DA:54,1
DA:59,0
DA:60,0
DA:61,0
DA:62,0
DA:64,0
DA:67,0
DA:74,0
DA:75,0
DA:82,0
DA:87,0
DA:88,0
DA:99,0
DA:100,0
DA:101,0
DA:102,0
DA:103,0
DA:106,0
DA:114,0
DA:115,0
DA:122,0
DA:127,0
DA:129,0
DA:135,0
DA:137,0
DA:138,0
DA:139,0
DA:140,0
DA:141,0
DA:144,0
DA:149,0
DA:152,0
DA:154,0
DA:155,0
DA:160,0
DA:164,0
DA:172,0
DA:179,0
DA:183,0
DA:184,0
DA:192,0
LF:57
LH:16
BRDA:64,0,0,0
BRDA:64,0,1,0
BRDA:99,1,0,0
BRDA:99,1,1,0
BRDA:140,2,0,0
BRDA:140,2,1,0
BRDA:174,3,0,0
BRDA:174,3,1,0
BRF:8
BRH:0
end_of_record
TN:
SF:servidor\controllers\products.js
FN:3,(anonymous_0)
FN:13,(anonymous_1)
FN:29,(anonymous_2)
FN:49,(anonymous_3)
FNF:4
FNH:4
FNDA:1,(anonymous_0)
FNDA:2,(anonymous_1)
FNDA:2,(anonymous_2)
FNDA:2,(anonymous_3)
DA:1,1
DA:3,1
DA:4,1
DA:5,1
DA:6,0
DA:8,1
DA:9,1
DA:13,1
DA:14,2
DA:15,2
DA:16,1
DA:19,1
DA:20,1
DA:21,1
DA:22,0
DA:24,1
DA:25,1
DA:29,1
DA:30,2
DA:31,2
DA:33,2
DA:34,2
DA:39,1
DA:40,1
DA:42,0
DA:44,1
DA:45,1
DA:49,1
DA:50,2
DA:52,2
DA:53,2
DA:54,1
DA:55,1
DA:57,0
DA:59,1
DA:60,1
DA:64,1
LF:37
LH:33
BRDA:15,0,0,1
BRDA:15,0,1,1
BRDA:15,1,0,2
BRDA:15,1,1,1
BRDA:15,1,2,1
BRDA:15,1,3,1
BRDA:39,2,0,1
BRDA:39,2,1,0
BRDA:54,3,0,1
BRDA:54,3,1,0
BRF:10
BRH:8
end_of_record
TN:
SF:servidor\middlewares\validar-campos.js
FN:4,(anonymous_0)
FNF:1
FNH:1
FNDA:2,(anonymous_0)
DA:1,1
DA:2,1
DA:4,1
DA:6,2
DA:8,2
DA:9,1
DA:15,1
DA:19,1
LF:8
LH:8
BRDA:4,0,0,0
BRDA:8,1,0,1
BRDA:8,1,1,1
BRF:3
BRH:2
end_of_record
TN:
SF:servidor\models\Product.js
FNF:0
FNH:0
DA:1,2
DA:3,2
DA:26,2
DA:28,2
LF:4
LH:4
BRF:0
BRH:0
end_of_record
